<?xml version="1.0" encoding="UTF-8"?>
<!-- Generated by org.testng.reporters.JUnitReportReporter -->
<testsuite hostname="Amirthavahini08" failures="0" tests="4" name="com.tests.DataProviderDemo" time="0.015" errors="0" timestamp="2025-06-20T09:53:16 IST" skipped="0">
  <testcase classname="com.tests.DataProviderDemo" name="myDetails" time="0.010"/>
  <system-out/>
  <testcase classname="com.tests.DataProviderDemo" name="myDetails" time="0.000"/>
  <system-out/>
  <testcase classname="com.tests.DataProviderDemo" name="myDetails" time="0.004"/>
  <system-out/>
  <testcase classname="com.tests.DataProviderDemo" name="myDetails" time="0.001"/>
  <system-out/>
</testsuite> <!-- com.tests.DataProviderDemo -->
