<?xml version="1.0" encoding="UTF-8"?>
<!-- Generated by org.testng.reporters.JUnitReportReporter -->
<testsuite hostname="Amirthavahini08" failures="0" tests="4" name="com.tests.GroupsDemo" time="0.001" errors="0" timestamp="2025-06-19T09:20:25 IST" skipped="0">
  <testcase classname="com.tests.GroupsDemo" name="sayThanks" time="0.000"/>
  <system-out/>
  <testcase classname="com.tests.GroupsDemo" name="sayWelcome" time="0.000"/>
  <system-out/>
  <testcase classname="com.tests.GroupsDemo" name="sayHello" time="0.001"/>
  <system-out/>
  <testcase classname="com.tests.GroupsDemo" name="sayHi" time="0.000"/>
  <system-out/>
</testsuite> <!-- com.tests.GroupsDemo -->
