<?xml version="1.0" encoding="UTF-8"?>
<!-- Generated by org.testng.reporters.JUnitReportReporter -->
<testsuite hostname="Amirthavahini08" failures="0" tests="1" name="com.tests.CrossBrowserTesting" time="7.876" errors="0" timestamp="2025-06-20T09:58:59 IST" skipped="0">
  <testcase classname="com.tests.CrossBrowserTesting" name="browserLaunch" time="7.876"/>
  <system-out/>
</testsuite> <!-- com.tests.CrossBrowserTesting -->
