<?xml version="1.0" encoding="UTF-8"?>
<!-- Generated by org.testng.reporters.JUnitReportReporter -->
<testsuite hostname="Amirthavahini08" failures="0" tests="3" name="AnnotationsDemo" time="0.012" errors="0" timestamp="2025-06-18T09:37:37 IST" skipped="0">
  <testcase classname="AnnotationsDemo" name="openApplication" time="0.011"/>
  <system-out/>
  <testcase classname="AnnotationsDemo" name="login" time="0.001"/>
  <system-out/>
  <testcase classname="AnnotationsDemo" name="closeApp" time="0.000"/>
  <system-out/>
</testsuite> <!-- AnnotationsDemo -->
