<?xml version="1.0" encoding="UTF-8"?>
<!-- Generated by org.testng.reporters.JUnitReportReporter -->
<testsuite hostname="Amirthavahini08" failures="0" tests="1" name="com.tests.LoginTest" time="1.216" errors="0" timestamp="2025-06-26T09:41:53 IST" skipped="0">
  <testcase classname="com.tests.LoginTest" name="login" time="1.216"/>
  <system-out/>
</testsuite> <!-- com.tests.LoginTest -->
