<?xml version="1.0" encoding="UTF-8"?>
<!-- Generated by org.testng.reporters.JUnitReportReporter -->
<testsuite hostname="Amirthavahini08" failures="0" tests="2" name="com.tests.ParameterizedTest" time="0.018" errors="0" timestamp="2025-06-20T09:53:16 IST" skipped="0">
  <testcase classname="com.tests.ParameterizedTest" name="myDetails" time="0.010"/>
  <system-out/>
  <testcase classname="com.tests.ParameterizedTest" name="myCity" time="0.008"/>
  <system-out/>
</testsuite> <!-- com.tests.ParameterizedTest -->
