<?xml version="1.0" encoding="UTF-8"?>
<!-- Generated by org.testng.reporters.JUnitReportReporter -->
<testsuite hostname="Amirthavahini08" failures="0" tests="2" name="com.tests.AnnotationsDemo" time="0.006" errors="0" timestamp="2025-06-26T09:56:55 IST" skipped="0">
  <testcase classname="com.tests.AnnotationsDemo" name="openApplication" time="0.006"/>
  <testcase classname="com.tests.AnnotationsDemo" name="login" time="0.000"/>
</testsuite> <!-- com.tests.AnnotationsDemo -->
