<?xml version="1.0" encoding="UTF-8"?>
<!-- Generated by org.testng.reporters.JUnitReportReporter -->
<testsuite hostname="Amirthavahini08" failures="0" tests="4" name="com.tests.GroupsDemo" time="0.005" errors="0" timestamp="2025-06-26T09:56:55 IST" skipped="0">
  <testcase classname="com.tests.GroupsDemo" name="sayWelcome" time="0.001"/>
  <testcase classname="com.tests.GroupsDemo" name="sayThanks" time="0.000"/>
  <testcase classname="com.tests.GroupsDemo" name="sayHi" time="0.002"/>
  <testcase classname="com.tests.GroupsDemo" name="sayHello" time="0.002"/>
</testsuite> <!-- com.tests.GroupsDemo -->
